This is pdfTeX, Version 3.1415926-2.3-1.40.12 (MiKTeX 2.9 64-bit) (preloaded format=pdflatex 2012.10.20)  17 JAN 2013 14:02
entering extended mode
**poster_landscape.tex

(C:\boun\senior_project\poster\helpers\baposter\baposter\examples\code\poster_l
andscape.tex
LaTeX2e <2011/06/27>
Babel <v3.8m> and hyphenation patterns for english, afrikaans, ancientgreek, ar
abic, armenian, assamese, basque, bengali, bokmal, bulgarian, catalan, coptic, 
croatian, czech, danish, dutch, esperanto, estonian, farsi, finnish, french, ga
lician, german, german-x-2009-06-19, greek, gujarati, hindi, hungarian, iceland
ic, indonesian, interlingua, irish, italian, kannada, kurmanji, lao, latin, lat
vian, lithuanian, malayalam, marathi, mongolian, mongolianlmc, monogreek, ngerm
an, ngerman-x-2009-06-19, nynorsk, oriya, panjabi, pinyin, polish, portuguese, 
romanian, russian, sanskrit, serbian, slovak, slovenian, spanish, swedish, swis
sgerman, tamil, telugu, turkish, turkmen, ukenglish, ukrainian, uppersorbian, u
senglishmax, welsh, loaded.

(C:\boun\senior_project\poster\helpers\baposter\baposter\examples\code\baposter
.cls
Document Class: baposter 2011/11/26 v2.0 baposter class
("C:\Program Files\MiKTeX 2.9\tex\latex\base\article.cls"
Document Class: article 2007/10/19 v1.4h Standard LaTeX document class
("C:\Program Files\MiKTeX 2.9\tex\latex\base\size10.clo"
File: size10.clo 2007/10/19 v1.4h Standard LaTeX file (size option)
)
\c@part=\count79
\c@section=\count80
\c@subsection=\count81
\c@subsubsection=\count82
\c@paragraph=\count83
\c@subparagraph=\count84
\c@figure=\count85
\c@table=\count86
\abovecaptionskip=\skip41
\belowcaptionskip=\skip42
\bibindent=\dimen102
)
baposter: Brian Amberg, 2007, 2008, 2009, 2010, 2011 | http://www.brian-amberg.
de/uni/poster/
baposter: Reinhold Kainhofer, 2011 | http://reinhold.kainhofer.com/
\baposter@basepaperwidth=\skip43
\baposter@basepaperheight=\skip44
\baposter@basemargin=\skip45
\baposter@finalpaperwidth=\skip46
\baposter@finalpaperheight=\skip47
\baposter@finalmargin=\skip48
\headerheight=\skip49
\colwidth=\skip50
\colheight=\skip51
\baposter@@colspacing=\skip52
\baposter@box@@cornerradius=\skip53
\baposter@box@@boxheaderheight=\skip54
\baposter@box@@boxpadding=\skip55
\boxstartx=\skip56
\boxstarty=\skip57
\boxwidth=\skip58
\boxheight=\skip59
\baposter@titleimage@left@width=\skip60
\baposter@titleimage@right@width=\skip61
\baposter@titleimage@textwidth=\skip62
\baposter@box@content=\box26
\baposter@titleimage@left=\box27
\baposter@titleimage@title=\box28
\baposter@titleimage@right=\box29
Use Packages
("C:\Program Files\MiKTeX 2.9\tex\latex\xkeyval\xkeyval.sty"
Package: xkeyval 2008/08/13 v2.6a package option processing (HA)

("C:\Program Files\MiKTeX 2.9\tex\generic\xkeyval\xkeyval.tex"
\XKV@toks=\toks14
\XKV@tempa@toks=\toks15
\XKV@depth=\count87
File: xkeyval.tex 2008/08/13 v2.6a key=value parser (HA)

("C:\Program Files\MiKTeX 2.9\tex\generic\xkeyval\keyval.tex")))
("C:\Program Files\MiKTeX 2.9\tex\latex\tools\calc.sty"
Package: calc 2007/08/22 v4.3 Infix arithmetic (KKT,FJ)
\calc@Acount=\count88
\calc@Bcount=\count89
\calc@Adimen=\dimen103
\calc@Bdimen=\dimen104
\calc@Askip=\skip63
\calc@Bskip=\skip64
LaTeX Info: Redefining \setlength on input line 76.
LaTeX Info: Redefining \addtolength on input line 77.
\calc@Ccount=\count90
\calc@Cskip=\skip65
)
("C:\Program Files\MiKTeX 2.9\tex\latex\xcolor\xcolor.sty"
Package: xcolor 2007/01/21 v2.11 LaTeX color extensions (UK)

("C:\Program Files\MiKTeX 2.9\tex\latex\00miktex\color.cfg"
File: color.cfg 2007/01/18 v1.5 color configuration of teTeX/TeXLive
)
Package xcolor Info: Driver file: pdftex.def on input line 225.

("C:\Program Files\MiKTeX 2.9\tex\latex\pdftex-def\pdftex.def"
File: pdftex.def 2011/05/27 v0.06d Graphics/color for pdfTeX

("C:\Program Files\MiKTeX 2.9\tex\generic\oberdiek\infwarerr.sty"
Package: infwarerr 2010/04/08 v1.3 Providing info/warning/error messages (HO)
)
("C:\Program Files\MiKTeX 2.9\tex\generic\oberdiek\ltxcmds.sty"
Package: ltxcmds 2011/11/09 v1.22 LaTeX kernel commands for general use (HO)
)
\Gread@gobject=\count91
)
Package xcolor Info: Model `cmy' substituted by `cmy0' on input line 1337.
Package xcolor Info: Model `hsb' substituted by `rgb' on input line 1341.
Package xcolor Info: Model `RGB' extended on input line 1353.
Package xcolor Info: Model `HTML' substituted by `rgb' on input line 1355.
Package xcolor Info: Model `Hsb' substituted by `hsb' on input line 1356.
Package xcolor Info: Model `tHsb' substituted by `hsb' on input line 1357.
Package xcolor Info: Model `HSB' substituted by `hsb' on input line 1358.
Package xcolor Info: Model `Gray' substituted by `gray' on input line 1359.
Package xcolor Info: Model `wave' substituted by `hsb' on input line 1360.
)
("C:\Program Files\MiKTeX 2.9\tex\latex\pgf\frontendlayer\tikz.sty"
("C:\Program Files\MiKTeX 2.9\tex\latex\pgf\basiclayer\pgf.sty"
("C:\Program Files\MiKTeX 2.9\tex\latex\pgf\utilities\pgfrcs.sty"
("C:\Program Files\MiKTeX 2.9\tex\generic\pgf\utilities\pgfutil-common.tex"
\pgfutil@everybye=\toks16
)
("C:\Program Files\MiKTeX 2.9\tex\generic\pgf\utilities\pgfutil-latex.def"
\pgfutil@abb=\box30

("C:\Program Files\MiKTeX 2.9\tex\latex\ms\everyshi.sty"
Package: everyshi 2001/05/15 v3.00 EveryShipout Package (MS)
))
("C:\Program Files\MiKTeX 2.9\tex\generic\pgf\utilities\pgfrcs.code.tex"
Package: pgfrcs 2010/10/25 v2.10 (rcs-revision 1.24)
))
Package: pgf 2008/01/15 v2.10 (rcs-revision 1.12)

("C:\Program Files\MiKTeX 2.9\tex\latex\pgf\basiclayer\pgfcore.sty"
("C:\Program Files\MiKTeX 2.9\tex\latex\graphics\graphicx.sty"
Package: graphicx 1999/02/16 v1.0f Enhanced LaTeX Graphics (DPC,SPQR)

("C:\Program Files\MiKTeX 2.9\tex\latex\graphics\graphics.sty"
Package: graphics 2009/02/05 v1.0o Standard LaTeX Graphics (DPC,SPQR)

("C:\Program Files\MiKTeX 2.9\tex\latex\graphics\trig.sty"
Package: trig 1999/03/16 v1.09 sin cos tan (DPC)
)
("C:\Program Files\MiKTeX 2.9\tex\latex\00miktex\graphics.cfg"
File: graphics.cfg 2007/01/18 v1.5 graphics configuration of teTeX/TeXLive
)
Package graphics Info: Driver file: pdftex.def on input line 91.
)
\Gin@req@height=\dimen105
\Gin@req@width=\dimen106
)
("C:\Program Files\MiKTeX 2.9\tex\latex\pgf\systemlayer\pgfsys.sty"
("C:\Program Files\MiKTeX 2.9\tex\generic\pgf\systemlayer\pgfsys.code.tex"
Package: pgfsys 2010/06/30 v2.10 (rcs-revision 1.37)

("C:\Program Files\MiKTeX 2.9\tex\generic\pgf\utilities\pgfkeys.code.tex"
\pgfkeys@pathtoks=\toks17
\pgfkeys@temptoks=\toks18

("C:\Program Files\MiKTeX 2.9\tex\generic\pgf\utilities\pgfkeysfiltered.code.te
x"
\pgfkeys@tmptoks=\toks19
))
\pgf@x=\dimen107
\pgf@y=\dimen108
\pgf@xa=\dimen109
\pgf@ya=\dimen110
\pgf@xb=\dimen111
\pgf@yb=\dimen112
\pgf@xc=\dimen113
\pgf@yc=\dimen114
\w@pgf@writea=\write3
\r@pgf@reada=\read1
\c@pgf@counta=\count92
\c@pgf@countb=\count93
\c@pgf@countc=\count94
\c@pgf@countd=\count95
 ("C:\Program Files\MiKTeX 2.9\tex\generic\pgf\systemlayer\pgf.cfg"
File: pgf.cfg 2008/05/14  (rcs-revision 1.7)
)
Package pgfsys Info: Driver file for pgf: pgfsys-pdftex.def on input line 900.

("C:\Program Files\MiKTeX 2.9\tex\generic\pgf\systemlayer\pgfsys-pdftex.def"
File: pgfsys-pdftex.def 2009/05/22  (rcs-revision 1.26)

("C:\Program Files\MiKTeX 2.9\tex\generic\pgf\systemlayer\pgfsys-common-pdf.def
"
File: pgfsys-common-pdf.def 2008/05/19  (rcs-revision 1.10)
)))
("C:\Program Files\MiKTeX 2.9\tex\generic\pgf\systemlayer\pgfsyssoftpath.code.t
ex"
File: pgfsyssoftpath.code.tex 2008/07/18  (rcs-revision 1.7)
\pgfsyssoftpath@smallbuffer@items=\count96
\pgfsyssoftpath@bigbuffer@items=\count97
)
("C:\Program Files\MiKTeX 2.9\tex\generic\pgf\systemlayer\pgfsysprotocol.code.t
ex"
File: pgfsysprotocol.code.tex 2006/10/16  (rcs-revision 1.4)
)) ("C:\Program Files\MiKTeX 2.9\tex\generic\pgf\basiclayer\pgfcore.code.tex"
Package: pgfcore 2010/04/11 v2.10 (rcs-revision 1.7)
 ("C:\Program Files\MiKTeX 2.9\tex\generic\pgf\math\pgfmath.code.tex"
("C:\Program Files\MiKTeX 2.9\tex\generic\pgf\math\pgfmathcalc.code.tex"
("C:\Program Files\MiKTeX 2.9\tex\generic\pgf\math\pgfmathutil.code.tex")
("C:\Program Files\MiKTeX 2.9\tex\generic\pgf\math\pgfmathparser.code.tex"
\pgfmath@dimen=\dimen115
\pgfmath@count=\count98
\pgfmath@box=\box31
\pgfmath@toks=\toks20
\pgfmath@stack@operand=\toks21
\pgfmath@stack@operation=\toks22
)
("C:\Program Files\MiKTeX 2.9\tex\generic\pgf\math\pgfmathfunctions.code.tex"
("C:\Program Files\MiKTeX 2.9\tex\generic\pgf\math\pgfmathfunctions.basic.code.
tex")
("C:\Program Files\MiKTeX 2.9\tex\generic\pgf\math\pgfmathfunctions.trigonometr
ic.code.tex")
("C:\Program Files\MiKTeX 2.9\tex\generic\pgf\math\pgfmathfunctions.random.code
.tex")
("C:\Program Files\MiKTeX 2.9\tex\generic\pgf\math\pgfmathfunctions.comparison.
code.tex")
("C:\Program Files\MiKTeX 2.9\tex\generic\pgf\math\pgfmathfunctions.base.code.t
ex")
("C:\Program Files\MiKTeX 2.9\tex\generic\pgf\math\pgfmathfunctions.round.code.
tex")
("C:\Program Files\MiKTeX 2.9\tex\generic\pgf\math\pgfmathfunctions.misc.code.t
ex"))) ("C:\Program Files\MiKTeX 2.9\tex\generic\pgf\math\pgfmathfloat.code.tex
"
\c@pgfmathroundto@lastzeros=\count99
))
("C:\Program Files\MiKTeX 2.9\tex\generic\pgf\basiclayer\pgfcorepoints.code.tex
"
File: pgfcorepoints.code.tex 2010/04/09  (rcs-revision 1.20)
\pgf@picminx=\dimen116
\pgf@picmaxx=\dimen117
\pgf@picminy=\dimen118
\pgf@picmaxy=\dimen119
\pgf@pathminx=\dimen120
\pgf@pathmaxx=\dimen121
\pgf@pathminy=\dimen122
\pgf@pathmaxy=\dimen123
\pgf@xx=\dimen124
\pgf@xy=\dimen125
\pgf@yx=\dimen126
\pgf@yy=\dimen127
\pgf@zx=\dimen128
\pgf@zy=\dimen129
)
("C:\Program Files\MiKTeX 2.9\tex\generic\pgf\basiclayer\pgfcorepathconstruct.c
ode.tex"
File: pgfcorepathconstruct.code.tex 2010/08/03  (rcs-revision 1.24)
\pgf@path@lastx=\dimen130
\pgf@path@lasty=\dimen131
)
("C:\Program Files\MiKTeX 2.9\tex\generic\pgf\basiclayer\pgfcorepathusage.code.
tex"
File: pgfcorepathusage.code.tex 2008/04/22  (rcs-revision 1.12)
\pgf@shorten@end@additional=\dimen132
\pgf@shorten@start@additional=\dimen133
)
("C:\Program Files\MiKTeX 2.9\tex\generic\pgf\basiclayer\pgfcorescopes.code.tex
"
File: pgfcorescopes.code.tex 2010/09/08  (rcs-revision 1.34)
\pgfpic=\box32
\pgf@hbox=\box33
\pgf@layerbox@main=\box34
\pgf@picture@serial@count=\count100
)
("C:\Program Files\MiKTeX 2.9\tex\generic\pgf\basiclayer\pgfcoregraphicstate.co
de.tex"
File: pgfcoregraphicstate.code.tex 2008/04/22  (rcs-revision 1.9)
\pgflinewidth=\dimen134
)
("C:\Program Files\MiKTeX 2.9\tex\generic\pgf\basiclayer\pgfcoretransformations
.code.tex"
File: pgfcoretransformations.code.tex 2009/06/10  (rcs-revision 1.11)
\pgf@pt@x=\dimen135
\pgf@pt@y=\dimen136
\pgf@pt@temp=\dimen137
)
("C:\Program Files\MiKTeX 2.9\tex\generic\pgf\basiclayer\pgfcorequick.code.tex"
File: pgfcorequick.code.tex 2008/10/09  (rcs-revision 1.3)
)
("C:\Program Files\MiKTeX 2.9\tex\generic\pgf\basiclayer\pgfcoreobjects.code.te
x"
File: pgfcoreobjects.code.tex 2006/10/11  (rcs-revision 1.2)
)
("C:\Program Files\MiKTeX 2.9\tex\generic\pgf\basiclayer\pgfcorepathprocessing.
code.tex"
File: pgfcorepathprocessing.code.tex 2008/10/09  (rcs-revision 1.8)
)
("C:\Program Files\MiKTeX 2.9\tex\generic\pgf\basiclayer\pgfcorearrows.code.tex
"
File: pgfcorearrows.code.tex 2008/04/23  (rcs-revision 1.11)
)
("C:\Program Files\MiKTeX 2.9\tex\generic\pgf\basiclayer\pgfcoreshade.code.tex"
File: pgfcoreshade.code.tex 2008/11/23  (rcs-revision 1.13)
\pgf@max=\dimen138
\pgf@sys@shading@range@num=\count101
) ("C:\Program Files\MiKTeX 2.9\tex\generic\pgf\basiclayer\pgfcoreimage.code.te
x"
File: pgfcoreimage.code.tex 2010/03/25  (rcs-revision 1.16)

("C:\Program Files\MiKTeX 2.9\tex\generic\pgf\basiclayer\pgfcoreexternal.code.t
ex"
File: pgfcoreexternal.code.tex 2010/09/01  (rcs-revision 1.17)
\pgfexternal@startupbox=\box35
))
("C:\Program Files\MiKTeX 2.9\tex\generic\pgf\basiclayer\pgfcorelayers.code.tex
"
File: pgfcorelayers.code.tex 2010/08/27  (rcs-revision 1.2)
)
("C:\Program Files\MiKTeX 2.9\tex\generic\pgf\basiclayer\pgfcoretransparency.co
de.tex"
File: pgfcoretransparency.code.tex 2008/01/17  (rcs-revision 1.2)
)
("C:\Program Files\MiKTeX 2.9\tex\generic\pgf\basiclayer\pgfcorepatterns.code.t
ex"
File: pgfcorepatterns.code.tex 2009/07/02  (rcs-revision 1.3)
)))
("C:\Program Files\MiKTeX 2.9\tex\generic\pgf\modules\pgfmoduleshapes.code.tex"
File: pgfmoduleshapes.code.tex 2010/09/09  (rcs-revision 1.13)
\pgfnodeparttextbox=\box36
) ("C:\Program Files\MiKTeX 2.9\tex\generic\pgf\modules\pgfmoduleplot.code.tex"
File: pgfmoduleplot.code.tex 2010/10/22  (rcs-revision 1.8)
)
("C:\Program Files\MiKTeX 2.9\tex\latex\pgf\compatibility\pgfcomp-version-0-65.
sty"
Package: pgfcomp-version-0-65 2007/07/03 v2.10 (rcs-revision 1.7)
\pgf@nodesepstart=\dimen139
\pgf@nodesepend=\dimen140
)
("C:\Program Files\MiKTeX 2.9\tex\latex\pgf\compatibility\pgfcomp-version-1-18.
sty"
Package: pgfcomp-version-1-18 2007/07/23 v2.10 (rcs-revision 1.1)
)) ("C:\Program Files\MiKTeX 2.9\tex\latex\pgf\utilities\pgffor.sty"
("C:\Program Files\MiKTeX 2.9\tex\latex\pgf\utilities\pgfkeys.sty"
("C:\Program Files\MiKTeX 2.9\tex\generic\pgf\utilities\pgfkeys.code.tex"))
("C:\Program Files\MiKTeX 2.9\tex\generic\pgf\utilities\pgffor.code.tex"
Package: pgffor 2010/03/23 v2.10 (rcs-revision 1.18)
\pgffor@iter=\dimen141
\pgffor@skip=\dimen142
\pgffor@stack=\toks23
\pgffor@toks=\toks24
))
("C:\Program Files\MiKTeX 2.9\tex\generic\pgf\frontendlayer\tikz\tikz.code.tex"
Package: tikz 2010/10/13 v2.10 (rcs-revision 1.76)

("C:\Program Files\MiKTeX 2.9\tex\generic\pgf\libraries\pgflibraryplothandlers.
code.tex"
File: pgflibraryplothandlers.code.tex 2010/05/31 v2.10 (rcs-revision 1.15)
\pgf@plot@mark@count=\count102
\pgfplotmarksize=\dimen143
)
\tikz@lastx=\dimen144
\tikz@lasty=\dimen145
\tikz@lastxsaved=\dimen146
\tikz@lastysaved=\dimen147
\tikzleveldistance=\dimen148
\tikzsiblingdistance=\dimen149
\tikz@figbox=\box37
\tikz@tempbox=\box38
\tikztreelevel=\count103
\tikznumberofchildren=\count104
\tikznumberofcurrentchild=\count105
\tikz@fig@count=\count106

("C:\Program Files\MiKTeX 2.9\tex\generic\pgf\modules\pgfmodulematrix.code.tex"
File: pgfmodulematrix.code.tex 2010/08/24  (rcs-revision 1.4)
\pgfmatrixcurrentrow=\count107
\pgfmatrixcurrentcolumn=\count108
\pgf@matrix@numberofcolumns=\count109
)
\tikz@expandcount=\count110

("C:\Program Files\MiKTeX 2.9\tex\generic\pgf\frontendlayer\tikz\libraries\tikz
librarytopaths.code.tex"
File: tikzlibrarytopaths.code.tex 2008/06/17 v2.10 (rcs-revision 1.2)
)))
("C:\Program Files\MiKTeX 2.9\tex\latex\base\ifthen.sty"
Package: ifthen 2001/05/26 v1.1c Standard LaTeX ifthen package (DPC)
)
("C:\Program Files\MiKTeX 2.9\tex\latex\base\fontenc.sty"
Package: fontenc 2005/09/27 v1.99g Standard LaTeX package

("C:\Program Files\MiKTeX 2.9\tex\latex\base\t1enc.def"
File: t1enc.def 2005/09/27 v1.99g Standard LaTeX file
LaTeX Font Info:    Redeclaring font encoding T1 on input line 43.
))
("C:\Program Files\MiKTeX 2.9\tex\generic\pgf\frontendlayer\tikz\libraries\tikz
librarydecorations.code.tex"
("C:\Program Files\MiKTeX 2.9\tex\generic\pgf\modules\pgfmoduledecorations.code
.tex"
\pgfdecoratedcompleteddistance=\dimen150
\pgfdecoratedremainingdistance=\dimen151
\pgfdecoratedinputsegmentcompleteddistance=\dimen152
\pgfdecoratedinputsegmentremainingdistance=\dimen153
\pgf@decorate@distancetomove=\dimen154
\pgf@decorate@repeatstate=\count111
\pgfdecorationsegmentamplitude=\dimen155
\pgfdecorationsegmentlength=\dimen156
)
\tikz@lib@dec@box=\box39
)
("C:\Program Files\MiKTeX 2.9\tex\generic\pgf\frontendlayer\tikz\libraries\tikz
libraryfadings.code.tex"
File: tikzlibraryfadings.code.tex 2009/11/15 v2.10 (rcs-revision 1.2)

("C:\Program Files\MiKTeX 2.9\tex\generic\pgf\libraries\pgflibraryfadings.code.
tex"
File: pgflibraryfadings.code.tex 2008/02/07 v2.10 (rcs-revision 1.3)
))
("C:\Program Files\MiKTeX 2.9\tex\generic\pgf\frontendlayer\tikz\libraries\tikz
librarysnakes.code.tex"
File: tikzlibrarysnakes.code.tex 2008/02/05 v2.10 (rcs-revision 1.6)


Package tikz Warning: Snakes have been superseded by decorations. Please use th
e decoration libraries instead of the snakes library on input line 14.


("C:\Program Files\MiKTeX 2.9\tex\generic\pgf\frontendlayer\tikz\libraries\tikz
librarydecorations.pathmorphing.code.tex"
("C:\Program Files\MiKTeX 2.9\tex\generic\pgf\libraries\decorations\pgflibraryd
ecorations.pathmorphing.code.tex"))
("C:\Program Files\MiKTeX 2.9\tex\generic\pgf\frontendlayer\tikz\libraries\tikz
librarydecorations.pathreplacing.code.tex"
("C:\Program Files\MiKTeX 2.9\tex\generic\pgf\libraries\decorations\pgflibraryd
ecorations.pathreplacing.code.tex"))
("C:\Program Files\MiKTeX 2.9\tex\generic\pgf\frontendlayer\tikz\libraries\tikz
librarydecorations.shapes.code.tex"
("C:\Program Files\MiKTeX 2.9\tex\generic\pgf\libraries\decorations\pgflibraryd
ecorations.shapes.code.tex")))
("C:\Program Files\MiKTeX 2.9\tex\generic\pgf\frontendlayer\tikz\libraries\tikz
librarycalc.code.tex"
File: tikzlibrarycalc.code.tex 2009/09/04 v2.10 (rcs-revision 1.6)
)
\baposter@movebody=\skip66
\baposter@basemarginright=\skip67
\baposter@basemarginleft=\skip68

Paperwidth=2392.87677pt
Paperheight=3383.03267pt
BasePaperwidth=698.73782pt
BasePaperheight=987.87073pt
("C:\Program Files\MiKTeX 2.9\tex\latex\geometry\geometry.sty"
Package: geometry 2010/09/12 v5.6 Page Geometry

("C:\Program Files\MiKTeX 2.9\tex\generic\oberdiek\ifpdf.sty"
Package: ifpdf 2011/01/30 v2.3 Provides the ifpdf switch (HO)
Package ifpdf Info: pdfTeX in PDF mode is detected.
)
("C:\Program Files\MiKTeX 2.9\tex\generic\oberdiek\ifvtex.sty"
Package: ifvtex 2010/03/01 v1.5 Detect VTeX and its facilities (HO)
Package ifvtex Info: VTeX not detected.
)
("C:\Program Files\MiKTeX 2.9\tex\generic\ifxetex\ifxetex.sty"
Package: ifxetex 2010/09/12 v0.6 Provides ifxetex conditional
)
\Gm@cnth=\count112
\Gm@cntv=\count113
\c@Gm@tempcnt=\count114
\Gm@bindingoffset=\dimen157
\Gm@wd@mp=\dimen158
\Gm@odd@mp=\dimen159
\Gm@even@mp=\dimen160
\Gm@layoutwidth=\dimen161
\Gm@layoutheight=\dimen162
\Gm@layouthoffset=\dimen163
\Gm@layoutvoffset=\dimen164
\Gm@dimlist=\toks25

("C:\Program Files\MiKTeX 2.9\tex\latex\geometry\geometry.cfg"))
("C:\Program Files\MiKTeX 2.9\tex\latex\pgf\utilities\pgfpages.sty"
Package: pgfpages 2004/11/05 ver 0.01
\pgf@logicalpages=\count115
\pgf@firstshipout=\count116
\pgf@lastshipout=\count117
\pgf@currentshipout=\count118
\pgf@cpn=\count119
\pgf@shipoutnextto=\count120
\pgfphysicalheight=\dimen165
\pgfphysicalwidth=\dimen166
\pgfpages@shipoutbox=\box40
)
\pgfpages@box@1=\box41
)
(C:\boun\senior_project\poster\helpers\baposter\baposter\examples\code\algorith
m2e.sty
Package: algorithm2e 2005/10/04 v3.9 algorithms environments
\c@AlgoLine=\count121
 ("C:\Program Files\MiKTeX 2.9\tex\latex\tools\xspace.sty"
Package: xspace 2009/10/20 v1.13 Space after command names (DPC,MH)
)
********************************************************
Package `algorithm2e' Release 3.9 -- october 04 2005 --
- algorithm2e-announce@lirmm.fr mailing list for announcement about releases
- algorithm2e-discussion@lirmm.fr mailing list for discussion about package
subscribe by emailing sympa@lirmm.fr with 'subscribe <list> <firstname name>'
- Author: Christophe Fiorio (fiorio@lirmm.fr)
********************************************************
\skiptotal=\skip69
\skiprule=\skip70
\skiphlne=\skip71
\skiptext=\skip72
\skiplength=\skip73
\algomargin=\skip74
\skipalgocfslide=\skip75
\algowidth=\dimen167
\inoutsize=\dimen168
\inoutline=\dimen169
\algocf@inoutbox=\box42
\algocf@inputbox=\box43
\AlCapSkip=\skip76
\AlCapHSkip=\skip77
\algocf@capbox=\box44
\c@algocfline=\count122
\c@algocf=\count123
\algocf@algoframe=\box45
\algocf@algobox=\box46
) ("C:\Program Files\MiKTeX 2.9\tex\latex\psnfss\times.sty"
Package: times 2005/04/12 PSNFSS-v9.2a (SPQR) 
)
("C:\Program Files\MiKTeX 2.9\tex\latex\ltxmisc\url.sty"
\Urlmuskip=\muskip10
Package: url 2006/04/12  ver 3.3  Verb mode for urls, etc.
)
("C:\Program Files\MiKTeX 2.9\tex\latex\ams\math\amsmath.sty"
Package: amsmath 2000/07/18 v2.13 AMS math features
\@mathmargin=\skip78

For additional information on amsmath, use the `?' option.
("C:\Program Files\MiKTeX 2.9\tex\latex\ams\math\amstext.sty"
Package: amstext 2000/06/29 v2.01

("C:\Program Files\MiKTeX 2.9\tex\latex\ams\math\amsgen.sty"
File: amsgen.sty 1999/11/30 v2.0
\@emptytoks=\toks26
\ex@=\dimen170
))
("C:\Program Files\MiKTeX 2.9\tex\latex\ams\math\amsbsy.sty"
Package: amsbsy 1999/11/29 v1.2d
\pmbraise@=\dimen171
)
("C:\Program Files\MiKTeX 2.9\tex\latex\ams\math\amsopn.sty"
Package: amsopn 1999/12/14 v2.01 operator names
)
\inf@bad=\count124
LaTeX Info: Redefining \frac on input line 211.
\uproot@=\count125
\leftroot@=\count126
LaTeX Info: Redefining \overline on input line 307.
\classnum@=\count127
\DOTSCASE@=\count128
LaTeX Info: Redefining \ldots on input line 379.
LaTeX Info: Redefining \dots on input line 382.
LaTeX Info: Redefining \cdots on input line 467.
\Mathstrutbox@=\box47
\strutbox@=\box48
\big@size=\dimen172
LaTeX Font Info:    Redeclaring font encoding OML on input line 567.
LaTeX Font Info:    Redeclaring font encoding OMS on input line 568.
\macc@depth=\count129
\c@MaxMatrixCols=\count130
\dotsspace@=\muskip11
\c@parentequation=\count131
\dspbrk@lvl=\count132
\tag@help=\toks27
\row@=\count133
\column@=\count134
\maxfields@=\count135
\andhelp@=\toks28
\eqnshift@=\dimen173
\alignsep@=\dimen174
\tagshift@=\dimen175
\tagwidth@=\dimen176
\totwidth@=\dimen177
\lineht@=\dimen178
\@envbody=\toks29
\multlinegap=\skip79
\multlinetaggap=\skip80
\mathdisplay@stack=\toks30
LaTeX Info: Redefining \[ on input line 2666.
LaTeX Info: Redefining \] on input line 2667.
)
("C:\Program Files\MiKTeX 2.9\tex\latex\amsfonts\amssymb.sty"
Package: amssymb 2009/06/22 v3.00

("C:\Program Files\MiKTeX 2.9\tex\latex\amsfonts\amsfonts.sty"
Package: amsfonts 2009/06/22 v3.00 Basic AMSFonts support
\symAMSa=\mathgroup4
\symAMSb=\mathgroup5
LaTeX Font Info:    Overwriting math alphabet `\mathfrak' in version `bold'
(Font)                  U/euf/m/n --> U/euf/b/n on input line 96.
))
("C:\Program Files\MiKTeX 2.9\tex\latex\ltxmisc\relsize.sty"
Package: relsize 2003/07/04 ver 3.1
)
("C:\Program Files\MiKTeX 2.9\tex\latex\multirow\multirow.sty"
\bigstrutjot=\dimen179
)
("C:\Program Files\MiKTeX 2.9\tex\latex\booktabs\booktabs.sty"
Package: booktabs 2005/04/14 v1.61803 publication quality tables
\heavyrulewidth=\dimen180
\lightrulewidth=\dimen181
\cmidrulewidth=\dimen182
\belowrulesep=\dimen183
\belowbottomsep=\dimen184
\aboverulesep=\dimen185
\abovetopsep=\dimen186
\cmidrulesep=\dimen187
\cmidrulekern=\dimen188
\defaultaddspace=\dimen189
\@cmidla=\count136
\@cmidlb=\count137
\@aboverulesep=\dimen190
\@belowrulesep=\dimen191
\@thisruleclass=\count138
\@lastruleclass=\count139
\@thisrulewidth=\dimen192
)
("C:\Program Files\MiKTeX 2.9\tex\latex\tools\multicol.sty"
Package: multicol 2011/06/27 v1.7a multicolumn formatting (FMi)
\c@tracingmulticols=\count140
\mult@box=\box49
\multicol@leftmargin=\dimen193
\c@unbalance=\count141
\c@collectmore=\count142
\doublecol@number=\count143
\multicoltolerance=\count144
\multicolpretolerance=\count145
\full@width=\dimen194
\page@free=\dimen195
\premulticols=\dimen196
\postmulticols=\dimen197
\multicolsep=\skip81
\multicolbaselineskip=\skip82
\partial@page=\box50
\last@line=\box51
\mult@rightbox=\box52
\mult@grightbox=\box53
\mult@gfirstbox=\box54
\mult@firstbox=\box55
\@tempa=\box56
\@tempa=\box57
\@tempa=\box58
\@tempa=\box59
\@tempa=\box60
\@tempa=\box61
\@tempa=\box62
\@tempa=\box63
\@tempa=\box64
\@tempa=\box65
\@tempa=\box66
\@tempa=\box67
\@tempa=\box68
\@tempa=\box69
\@tempa=\box70
\@tempa=\box71
\@tempa=\box72
\c@columnbadness=\count146
\c@finalcolumnbadness=\count147
\last@try=\dimen198
\multicolovershoot=\dimen199
\multicolundershoot=\dimen200
\mult@nat@firstbox=\box73
\colbreak@box=\box74
\multicol@sort@counter=\count148
)
("C:\Program Files\MiKTeX 2.9\tex\latex\base\fontenc.sty"
Package: fontenc 2005/09/27 v1.99g Standard LaTeX package

("C:\Program Files\MiKTeX 2.9\tex\latex\base\t1enc.def"
File: t1enc.def 2005/09/27 v1.99g Standard LaTeX file
LaTeX Font Info:    Redeclaring font encoding T1 on input line 43.
))
("C:\Program Files\MiKTeX 2.9\tex\latex\ae\ae.sty"
Package: ae 2001/02/12 1.3 Almost European Computer Modern

("C:\Program Files\MiKTeX 2.9\tex\latex\base\fontenc.sty"
Package: fontenc 2005/09/27 v1.99g Standard LaTeX package

("C:\Program Files\MiKTeX 2.9\tex\latex\base\t1enc.def"
File: t1enc.def 2005/09/27 v1.99g Standard LaTeX file
LaTeX Font Info:    Redeclaring font encoding T1 on input line 43.
)
LaTeX Font Info:    Try loading font information for T1+aer on input line 100.

("C:\Program Files\MiKTeX 2.9\tex\latex\ae\t1aer.fd"
File: t1aer.fd 1997/11/16 Font definitions for T1/aer.
)))
\symnark=\mathgroup6

(C:\boun\senior_project\poster\helpers\baposter\baposter\examples\code\poster_l
andscape.aux)
LaTeX Font Info:    Checking defaults for OML/cmm/m/it on input line 244.
LaTeX Font Info:    ... okay on input line 244.
LaTeX Font Info:    Checking defaults for T1/cmr/m/n on input line 244.
LaTeX Font Info:    ... okay on input line 244.
LaTeX Font Info:    Checking defaults for OT1/cmr/m/n on input line 244.
LaTeX Font Info:    ... okay on input line 244.
LaTeX Font Info:    Checking defaults for OMS/cmsy/m/n on input line 244.
LaTeX Font Info:    ... okay on input line 244.
LaTeX Font Info:    Checking defaults for OMX/cmex/m/n on input line 244.
LaTeX Font Info:    ... okay on input line 244.
LaTeX Font Info:    Checking defaults for U/cmr/m/n on input line 244.
LaTeX Font Info:    ... okay on input line 244.
 ("C:\Program Files\MiKTeX 2.9\tex\context\base\supp-pdf.mkii"
[Loading MPS to PDF converter (version 2006.09.02).]
\scratchcounter=\count149
\scratchdimen=\dimen201
\scratchbox=\box75
\nofMPsegments=\count150
\nofMParguments=\count151
\everyMPshowfont=\toks31
\MPscratchCnt=\count152
\MPscratchDim=\dimen202
\MPnumerator=\count153
\makeMPintoPDFobject=\count154
\everyMPtoPDFconversion=\toks32
) ABD: EveryShipout initializing macros
*geometry* driver: auto-detecting
*geometry* detected driver: pdftex
*geometry* verbose mode - [ preamble ] result:
* driver: pdftex
* paper: custom
* layout: <same size as paper>
* layoutoffset:(h,v)=(0.0pt,0.0pt)
* modes: landscape 
* h-part:(L,W,R)=(12.46262pt, 962.9455pt, 12.46262pt)
* v-part:(T,H,B)=(12.46262pt, 673.81259pt, 12.46262pt)
* \paperwidth=987.87073pt
* \paperheight=698.73782pt
* \textwidth=962.9455pt
* \textheight=673.81259pt
* \oddsidemargin=-59.80737pt
* \evensidemargin=-59.80737pt
* \topmargin=-96.80737pt
* \headheight=12.0pt
* \headsep=25.0pt
* \topskip=10.0pt
* \footskip=30.0pt
* \marginparwidth=65.0pt
* \marginparsep=11.0pt
* \columnsep=6.99997pt
* \skip\footins=9.0pt plus 4.0pt minus 2.0pt
* \hoffset=0.0pt
* \voffset=0.0pt
* \mag=1000
* \@twocolumnfalse
* \@twosidefalse
* \@mparswitchfalse
* \@reversemarginfalse
* (1in=72.27pt=25.4mm, 1cm=28.453pt)

<images/track_frame_00010_06.pdf, id=20, 94.3525pt x 90.3375pt>
File: images/track_frame_00010_06.pdf Graphic file (type pdf)

<use images/track_frame_00010_06.pdf>
Package pdftex.def Info: images/track_frame_00010_06.pdf used on input line 284
.
(pdftex.def)             Requested size: 77.0374pt x 73.75879pt.

<images/track_frame_00450_06.pdf, id=21, 94.3525pt x 90.3375pt>
File: images/track_frame_00450_06.pdf Graphic file (type pdf)

<use images/track_frame_00450_06.pdf>
Package pdftex.def Info: images/track_frame_00450_06.pdf used on input line 284
.
(pdftex.def)             Requested size: 77.0374pt x 73.75879pt.

<images/track_frame_04999_06.pdf, id=22, 94.3525pt x 90.3375pt>
File: images/track_frame_04999_06.pdf Graphic file (type pdf)

<use images/track_frame_04999_06.pdf>
Package pdftex.def Info: images/track_frame_04999_06.pdf used on input line 284
.
(pdftex.def)             Requested size: 77.0374pt x 73.75879pt.
LaTeX Font Info:    Try loading font information for U+msa on input line 284.

("C:\Program Files\MiKTeX 2.9\tex\latex\amsfonts\umsa.fd"
File: umsa.fd 2009/06/22 v3.00 AMS symbols A
)
LaTeX Font Info:    Try loading font information for U+msb on input line 284.

("C:\Program Files\MiKTeX 2.9\tex\latex\amsfonts\umsb.fd"
File: umsb.fd 2009/06/22 v3.00 AMS symbols B
)
LaTeX Font Info:    Try loading font information for U+dsrom on input line 284.


("C:\Program Files\MiKTeX 2.9\tex\latex\dstroke\udsrom.fd"
File: Udsrom.fd 1995/08/01 v0.1 Double stroke roman font definitions
)
<images/logo.pdf, id=23, 597.23125pt x 845.1575pt>
File: images/logo.pdf Graphic file (type pdf)
 <use images/logo.pdf>
Package pdftex.def Info: images/logo.pdf used on input line 284.
(pdftex.def)             Requested size: 57.12941pt x 80.85422pt.

<images/msrlogo.pdf, id=24, 277.035pt x 77.28876pt>
File: images/msrlogo.pdf Graphic file (type pdf)
 <use images/msrlogo.pdf>
Package pdftex.def Info: images/msrlogo.pdf used on input line 284.
(pdftex.def)             Requested size: 72.45435pt x 20.21355pt.
LaTeX Font Info:    Try loading font information for T1+aett on input line 284.


("C:\Program Files\MiKTeX 2.9\tex\latex\ae\t1aett.fd"
File: t1aett.fd 1997/11/16 Font definitions for T1/aett.
)
Missing character: There is no ; in font nullfont!
Missing character: There is no ; in font nullfont!
Missing character: There is no ; in font nullfont!

Overfull \hbox (14.74832pt too wide) in paragraph at lines 328--328
[] 
 []

Missing character: There is no ; in font nullfont!
Missing character: There is no ; in font nullfont!
Missing character: There is no ; in font nullfont!

Overfull \hbox (14.74832pt too wide) in paragraph at lines 328--328
[][][][][] 
 []

\MSZ=\skip83

Overfull \hbox (4.29756pt too wide) in paragraph at lines 446--446
[][] [] 
 []

Missing character: There is no ; in font nullfont!
Missing character: There is no ; in font nullfont!
Missing character: There is no ; in font nullfont!
Missing character: There is no ; in font nullfont!
Missing character: There is no ; in font nullfont!
Missing character: There is no ; in font nullfont!
<images/018_4_2_masked.png, id=25, 722.7pt x 578.16pt>
File: images/018_4_2_masked.png Graphic file (type png)

<use images/018_4_2_masked.png>
Package pdftex.def Info: images/018_4_2_masked.png used on input line 498.
(pdftex.def)             Requested size: 45.09659pt x 36.07315pt.

<images/328_2_1_masked.png, id=27, 722.7pt x 578.16pt>
File: images/328_2_1_masked.png Graphic file (type png)

<use images/328_2_1_masked.png>
Package pdftex.def Info: images/328_2_1_masked.png used on input line 498.
(pdftex.def)             Requested size: 45.09659pt x 36.07315pt.

<images/319_2_1_masked.png, id=28, 722.7pt x 578.16pt>
File: images/319_2_1_masked.png Graphic file (type png)

<use images/319_2_1_masked.png>
Package pdftex.def Info: images/319_2_1_masked.png used on input line 498.
(pdftex.def)             Requested size: 45.09659pt x 36.07315pt.

<images/027_4_2_masked.png, id=29, 722.7pt x 578.16pt>
File: images/027_4_2_masked.png Graphic file (type png)

<use images/027_4_2_masked.png>
Package pdftex.def Info: images/027_4_2_masked.png used on input line 498.
(pdftex.def)             Requested size: 45.09659pt x 36.07315pt.

<images/020_1_1_masked.png, id=30, 722.7pt x 578.16pt>
File: images/020_1_1_masked.png Graphic file (type png)

<use images/020_1_1_masked.png>
Package pdftex.def Info: images/020_1_1_masked.png used on input line 498.
(pdftex.def)             Requested size: 45.09659pt x 36.07315pt.

<images/12_2f_masked.png, id=31, 642.4pt x 481.8pt>
File: images/12_2f_masked.png Graphic file (type png)

<use images/12_2f_masked.png>
Package pdftex.def Info: images/12_2f_masked.png used on input line 498.
(pdftex.def)             Requested size: 45.09659pt x 33.81766pt.

<images/21_3m_masked.png, id=32, 642.4pt x 481.8pt>
File: images/21_3m_masked.png Graphic file (type png)

<use images/21_3m_masked.png>
Package pdftex.def Info: images/21_3m_masked.png used on input line 498.
(pdftex.def)             Requested size: 45.09659pt x 33.81766pt.

<images/09_6m_masked.png, id=33, 642.4pt x 481.8pt>
File: images/09_6m_masked.png Graphic file (type png)

<use images/09_6m_masked.png>
Package pdftex.def Info: images/09_6m_masked.png used on input line 498.
(pdftex.def)             Requested size: 45.09659pt x 33.81766pt.

<images/33_4m_masked.png, id=34, 642.4pt x 481.8pt>
File: images/33_4m_masked.png Graphic file (type png)

<use images/33_4m_masked.png>
Package pdftex.def Info: images/33_4m_masked.png used on input line 498.
(pdftex.def)             Requested size: 45.09659pt x 33.81766pt.

Underfull \hbox (badness 10000) in paragraph at lines 498--498
[][][][][][]
 []


Underfull \hbox (badness 10000) in paragraph at lines 498--498
[]
 []


Underfull \hbox (badness 10000) in paragraph at lines 498--498

 []

Missing character: There is no ; in font nullfont!
Missing character: There is no ; in font nullfont!
Missing character: There is no ; in font nullfont!
<images/track_frame_00010_01.pdf, id=35, 94.3525pt x 90.3375pt>
File: images/track_frame_00010_01.pdf Graphic file (type pdf)

<use images/track_frame_00010_01.pdf>
Package pdftex.def Info: images/track_frame_00010_01.pdf used on input line 568
.
(pdftex.def)             Requested size: 44.45798pt x 42.56613pt.

<images/track_frame_00050_01.pdf, id=36, 94.3525pt x 90.3375pt>
File: images/track_frame_00050_01.pdf Graphic file (type pdf)

<use images/track_frame_00050_01.pdf>
Package pdftex.def Info: images/track_frame_00050_01.pdf used on input line 568
.
(pdftex.def)             Requested size: 44.45798pt x 42.56613pt.

<images/track_frame_00450_01.pdf, id=37, 94.3525pt x 90.3375pt>
File: images/track_frame_00450_01.pdf Graphic file (type pdf)

<use images/track_frame_00450_01.pdf>
Package pdftex.def Info: images/track_frame_00450_01.pdf used on input line 568
.
(pdftex.def)             Requested size: 44.45798pt x 42.56613pt.

<images/track_frame_02000_01.pdf, id=38, 95.35625pt x 90.3375pt>
File: images/track_frame_02000_01.pdf Graphic file (type pdf)

<use images/track_frame_02000_01.pdf>
Package pdftex.def Info: images/track_frame_02000_01.pdf used on input line 568
.
(pdftex.def)             Requested size: 44.45798pt x 42.11815pt.

<images/track_frame_04999_01.pdf, id=39, 95.35625pt x 90.3375pt>
File: images/track_frame_04999_01.pdf Graphic file (type pdf)

<use images/track_frame_04999_01.pdf>
Package pdftex.def Info: images/track_frame_04999_01.pdf used on input line 568
.
(pdftex.def)             Requested size: 44.45798pt x 42.11815pt.

<images/track_frame_00010_02.pdf, id=40, 94.3525pt x 90.3375pt>
File: images/track_frame_00010_02.pdf Graphic file (type pdf)

<use images/track_frame_00010_02.pdf>
Package pdftex.def Info: images/track_frame_00010_02.pdf used on input line 568
.
(pdftex.def)             Requested size: 44.45798pt x 42.56613pt.

<images/track_frame_00050_02.pdf, id=41, 94.3525pt x 90.3375pt>
File: images/track_frame_00050_02.pdf Graphic file (type pdf)

<use images/track_frame_00050_02.pdf>
Package pdftex.def Info: images/track_frame_00050_02.pdf used on input line 568
.
(pdftex.def)             Requested size: 44.45798pt x 42.56613pt.

<images/track_frame_00450_02.pdf, id=42, 94.3525pt x 90.3375pt>
File: images/track_frame_00450_02.pdf Graphic file (type pdf)

<use images/track_frame_00450_02.pdf>
Package pdftex.def Info: images/track_frame_00450_02.pdf used on input line 568
.
(pdftex.def)             Requested size: 44.45798pt x 42.56613pt.

<images/track_frame_02000_02.pdf, id=43, 94.3525pt x 90.3375pt>
File: images/track_frame_02000_02.pdf Graphic file (type pdf)

<use images/track_frame_02000_02.pdf>
Package pdftex.def Info: images/track_frame_02000_02.pdf used on input line 568
.
(pdftex.def)             Requested size: 44.45798pt x 42.56613pt.

<images/track_frame_04999_02.pdf, id=44, 94.3525pt x 90.3375pt>
File: images/track_frame_04999_02.pdf Graphic file (type pdf)

<use images/track_frame_04999_02.pdf>
Package pdftex.def Info: images/track_frame_04999_02.pdf used on input line 568
.
(pdftex.def)             Requested size: 44.45798pt x 42.56613pt.

<images/track_frame_00010_03.pdf, id=45, 94.3525pt x 90.3375pt>
File: images/track_frame_00010_03.pdf Graphic file (type pdf)

<use images/track_frame_00010_03.pdf>
Package pdftex.def Info: images/track_frame_00010_03.pdf used on input line 568
.
(pdftex.def)             Requested size: 44.45798pt x 42.56613pt.

<images/track_frame_00050_03.pdf, id=46, 94.3525pt x 90.3375pt>
File: images/track_frame_00050_03.pdf Graphic file (type pdf)

<use images/track_frame_00050_03.pdf>
Package pdftex.def Info: images/track_frame_00050_03.pdf used on input line 568
.
(pdftex.def)             Requested size: 44.45798pt x 42.56613pt.

<images/track_frame_00450_03.pdf, id=47, 94.3525pt x 90.3375pt>
File: images/track_frame_00450_03.pdf Graphic file (type pdf)

<use images/track_frame_00450_03.pdf>
Package pdftex.def Info: images/track_frame_00450_03.pdf used on input line 568
.
(pdftex.def)             Requested size: 44.45798pt x 42.56613pt.

<images/track_frame_02000_03.pdf, id=48, 94.3525pt x 90.3375pt>
File: images/track_frame_02000_03.pdf Graphic file (type pdf)

<use images/track_frame_02000_03.pdf>
Package pdftex.def Info: images/track_frame_02000_03.pdf used on input line 568
.
(pdftex.def)             Requested size: 44.45798pt x 42.56613pt.

<images/track_frame_04999_03.pdf, id=49, 94.3525pt x 90.3375pt>
File: images/track_frame_04999_03.pdf Graphic file (type pdf)

<use images/track_frame_04999_03.pdf>
Package pdftex.def Info: images/track_frame_04999_03.pdf used on input line 568
.
(pdftex.def)             Requested size: 44.45798pt x 42.56613pt.

<images/track_frame_00010_04.pdf, id=50, 94.3525pt x 90.3375pt>
File: images/track_frame_00010_04.pdf Graphic file (type pdf)

<use images/track_frame_00010_04.pdf>
Package pdftex.def Info: images/track_frame_00010_04.pdf used on input line 568
.
(pdftex.def)             Requested size: 44.45798pt x 42.56613pt.

<images/track_frame_00050_04.pdf, id=51, 94.3525pt x 90.3375pt>
File: images/track_frame_00050_04.pdf Graphic file (type pdf)

<use images/track_frame_00050_04.pdf>
Package pdftex.def Info: images/track_frame_00050_04.pdf used on input line 568
.
(pdftex.def)             Requested size: 44.45798pt x 42.56613pt.

<images/track_frame_00450_04.pdf, id=52, 94.3525pt x 90.3375pt>
File: images/track_frame_00450_04.pdf Graphic file (type pdf)

<use images/track_frame_00450_04.pdf>
Package pdftex.def Info: images/track_frame_00450_04.pdf used on input line 568
.
(pdftex.def)             Requested size: 44.45798pt x 42.56613pt.

<images/track_frame_02000_04.pdf, id=53, 94.3525pt x 90.3375pt>
File: images/track_frame_02000_04.pdf Graphic file (type pdf)

<use images/track_frame_02000_04.pdf>
Package pdftex.def Info: images/track_frame_02000_04.pdf used on input line 568
.
(pdftex.def)             Requested size: 44.45798pt x 42.56613pt.

<images/track_frame_04999_04.pdf, id=54, 94.3525pt x 90.3375pt>
File: images/track_frame_04999_04.pdf Graphic file (type pdf)

<use images/track_frame_04999_04.pdf>
Package pdftex.def Info: images/track_frame_04999_04.pdf used on input line 568
.
(pdftex.def)             Requested size: 44.45798pt x 42.56613pt.

<images/track_frame_00010_05.pdf, id=55, 94.3525pt x 90.3375pt>
File: images/track_frame_00010_05.pdf Graphic file (type pdf)

<use images/track_frame_00010_05.pdf>
Package pdftex.def Info: images/track_frame_00010_05.pdf used on input line 568
.
(pdftex.def)             Requested size: 44.45798pt x 42.56613pt.

<images/track_frame_00050_05.pdf, id=56, 94.3525pt x 90.3375pt>
File: images/track_frame_00050_05.pdf Graphic file (type pdf)

<use images/track_frame_00050_05.pdf>
Package pdftex.def Info: images/track_frame_00050_05.pdf used on input line 568
.
(pdftex.def)             Requested size: 44.45798pt x 42.56613pt.

<images/track_frame_00450_05.pdf, id=57, 94.3525pt x 90.3375pt>
File: images/track_frame_00450_05.pdf Graphic file (type pdf)

<use images/track_frame_00450_05.pdf>
Package pdftex.def Info: images/track_frame_00450_05.pdf used on input line 568
.
(pdftex.def)             Requested size: 44.45798pt x 42.56613pt.

<images/track_frame_02000_05.pdf, id=58, 94.3525pt x 90.3375pt>
File: images/track_frame_02000_05.pdf Graphic file (type pdf)

<use images/track_frame_02000_05.pdf>
Package pdftex.def Info: images/track_frame_02000_05.pdf used on input line 568
.
(pdftex.def)             Requested size: 44.45798pt x 42.56613pt.

<images/track_frame_04999_05.pdf, id=59, 94.3525pt x 90.3375pt>
File: images/track_frame_04999_05.pdf Graphic file (type pdf)

<use images/track_frame_04999_05.pdf>
Package pdftex.def Info: images/track_frame_04999_05.pdf used on input line 568
.
(pdftex.def)             Requested size: 44.45798pt x 42.56613pt.
File: images/track_frame_00010_06.pdf Graphic file (type pdf)
 <use images/track_frame_00010_06.pdf>
Package pdftex.def Info: images/track_frame_00010_06.pdf used on input line 568
.
(pdftex.def)             Requested size: 44.45798pt x 42.56613pt.

<images/track_frame_00050_06.pdf, id=60, 94.3525pt x 90.3375pt>
File: images/track_frame_00050_06.pdf Graphic file (type pdf)

<use images/track_frame_00050_06.pdf>
Package pdftex.def Info: images/track_frame_00050_06.pdf used on input line 568
.
(pdftex.def)             Requested size: 44.45798pt x 42.56613pt.
File: images/track_frame_00450_06.pdf Graphic file (type pdf)
 <use images/track_frame_00450_06.pdf>
Package pdftex.def Info: images/track_frame_00450_06.pdf used on input line 568
.
(pdftex.def)             Requested size: 44.45798pt x 42.56613pt.

<images/track_frame_02000_06.pdf, id=61, 94.3525pt x 90.3375pt>
File: images/track_frame_02000_06.pdf Graphic file (type pdf)

<use images/track_frame_02000_06.pdf>
Package pdftex.def Info: images/track_frame_02000_06.pdf used on input line 568
.
(pdftex.def)             Requested size: 44.45798pt x 42.56613pt.
File: images/track_frame_04999_06.pdf Graphic file (type pdf)
 <use images/track_frame_04999_06.pdf>
Package pdftex.def Info: images/track_frame_04999_06.pdf used on input line 568
.
(pdftex.def)             Requested size: 44.45798pt x 42.56613pt.

Overfull \hbox (6.10748pt too wide) in paragraph at lines 568--568
[][]
 []

Missing character: There is no ; in font nullfont!
Missing character: There is no ; in font nullfont!
Missing character: There is no ; in font nullfont!
<images/bush_00010_02.pdf, id=62, 94.3525pt x 84.315pt>
File: images/bush_00010_02.pdf Graphic file (type pdf)

<use images/bush_00010_02.pdf>
Package pdftex.def Info: images/bush_00010_02.pdf used on input line 601.
(pdftex.def)             Requested size: 45.09659pt x 40.29832pt.

<images/bush_00100_02.pdf, id=63, 94.3525pt x 84.315pt>
File: images/bush_00100_02.pdf Graphic file (type pdf)

<use images/bush_00100_02.pdf>
Package pdftex.def Info: images/bush_00100_02.pdf used on input line 601.
(pdftex.def)             Requested size: 45.09659pt x 40.29832pt.

<images/bush_00200_02.pdf, id=64, 94.3525pt x 84.315pt>
File: images/bush_00200_02.pdf Graphic file (type pdf)

<use images/bush_00200_02.pdf>
Package pdftex.def Info: images/bush_00200_02.pdf used on input line 601.
(pdftex.def)             Requested size: 45.09659pt x 40.29832pt.

<images/bush_00300_02.pdf, id=65, 94.3525pt x 84.315pt>
File: images/bush_00300_02.pdf Graphic file (type pdf)

<use images/bush_00300_02.pdf>
Package pdftex.def Info: images/bush_00300_02.pdf used on input line 601.
(pdftex.def)             Requested size: 45.09659pt x 40.29832pt.

<images/bush_00400_02.pdf, id=66, 94.3525pt x 84.315pt>
File: images/bush_00400_02.pdf Graphic file (type pdf)

<use images/bush_00400_02.pdf>
Package pdftex.def Info: images/bush_00400_02.pdf used on input line 601.
(pdftex.def)             Requested size: 45.09659pt x 40.29832pt.

<images/bush_00010_05.pdf, id=67, 94.3525pt x 84.315pt>
File: images/bush_00010_05.pdf Graphic file (type pdf)

<use images/bush_00010_05.pdf>
Package pdftex.def Info: images/bush_00010_05.pdf used on input line 601.
(pdftex.def)             Requested size: 45.09659pt x 40.29832pt.

<images/bush_00100_05.pdf, id=68, 94.3525pt x 84.315pt>
File: images/bush_00100_05.pdf Graphic file (type pdf)

<use images/bush_00100_05.pdf>
Package pdftex.def Info: images/bush_00100_05.pdf used on input line 601.
(pdftex.def)             Requested size: 45.09659pt x 40.29832pt.

<images/bush_00200_05.pdf, id=69, 94.3525pt x 84.315pt>
File: images/bush_00200_05.pdf Graphic file (type pdf)

<use images/bush_00200_05.pdf>
Package pdftex.def Info: images/bush_00200_05.pdf used on input line 601.
(pdftex.def)             Requested size: 45.09659pt x 40.29832pt.

<images/bush_00300_05.pdf, id=70, 94.3525pt x 84.315pt>
File: images/bush_00300_05.pdf Graphic file (type pdf)

<use images/bush_00300_05.pdf>
Package pdftex.def Info: images/bush_00300_05.pdf used on input line 601.
(pdftex.def)             Requested size: 45.09659pt x 40.29832pt.

<images/bush_00400_05.pdf, id=71, 94.3525pt x 84.315pt>
File: images/bush_00400_05.pdf Graphic file (type pdf)

<use images/bush_00400_05.pdf>
Package pdftex.def Info: images/bush_00400_05.pdf used on input line 601.
(pdftex.def)             Requested size: 45.09659pt x 40.29832pt.

<images/bush_00010_08.pdf, id=72, 94.3525pt x 84.315pt>
File: images/bush_00010_08.pdf Graphic file (type pdf)

<use images/bush_00010_08.pdf>
Package pdftex.def Info: images/bush_00010_08.pdf used on input line 601.
(pdftex.def)             Requested size: 45.09659pt x 40.29832pt.

<images/bush_00100_08.pdf, id=73, 94.3525pt x 84.315pt>
File: images/bush_00100_08.pdf Graphic file (type pdf)

<use images/bush_00100_08.pdf>
Package pdftex.def Info: images/bush_00100_08.pdf used on input line 601.
(pdftex.def)             Requested size: 45.09659pt x 40.29832pt.

<images/bush_00200_08.pdf, id=74, 94.3525pt x 84.315pt>
File: images/bush_00200_08.pdf Graphic file (type pdf)

<use images/bush_00200_08.pdf>
Package pdftex.def Info: images/bush_00200_08.pdf used on input line 601.
(pdftex.def)             Requested size: 45.09659pt x 40.29832pt.

<images/bush_00300_08.pdf, id=75, 94.3525pt x 84.315pt>
File: images/bush_00300_08.pdf Graphic file (type pdf)

<use images/bush_00300_08.pdf>
Package pdftex.def Info: images/bush_00300_08.pdf used on input line 601.
(pdftex.def)             Requested size: 45.09659pt x 40.29832pt.

<images/bush_00400_08.pdf, id=76, 94.3525pt x 84.315pt>
File: images/bush_00400_08.pdf Graphic file (type pdf)

<use images/bush_00400_08.pdf>
Package pdftex.def Info: images/bush_00400_08.pdf used on input line 601.
(pdftex.def)             Requested size: 45.09659pt x 40.29832pt.

Underfull \hbox (badness 1565) in paragraph at lines 601--601
\T1/aer/m/n/10 All meth-ods used the or-thonor-mal in-cre-men-tal
 []

Missing character: There is no ; in font nullfont!
Missing character: There is no ; in font nullfont!
Missing character: There is no ; in font nullfont!

Underfull \hbox (badness 10000) detected at line 631
[][]
 []


Underfull \hbox (badness 10000) in paragraph at lines 631--631

 []

Missing character: There is no ; in font nullfont!
Missing character: There is no ; in font nullfont!
Missing character: There is no ; in font nullfont!
[2

{C:/ProgramData/MiKTeX/2.9/pdftex/config/pdftex.map} <C:/boun/senior_project/po
ster/helpers/baposter/baposter/examples/code/images/track_frame_00010_06.pdf> <
C:/boun/senior_project/poster/helpers/baposter/baposter/examples/code/images/tr
ack_frame_00450_06.pdf> <C:/boun/senior_project/poster/helpers/baposter/baposte
r/examples/code/images/track_frame_04999_06.pdf> <C:/boun/senior_project/poster
/helpers/baposter/baposter/examples/code/images/logo.pdf> <C:/boun/senior_proje
ct/poster/helpers/baposter/baposter/examples/code/images/msrlogo.pdf> <C:/boun/
senior_project/poster/helpers/baposter/baposter/examples/code/images/018_4_2_ma
sked.png> <C:/boun/senior_project/poster/helpers/baposter/baposter/examples/cod
e/images/328_2_1_masked.png> <C:/boun/senior_project/poster/helpers/baposter/ba
poster/examples/code/images/319_2_1_masked.png> <C:/boun/senior_project/poster/
helpers/baposter/baposter/examples/code/images/027_4_2_masked.png> <C:/boun/sen
ior_project/poster/helpers/baposter/baposter/examples/code/images/020_1_1_maske
d.png> <C:/boun/senior_project/poster/helpers/baposter/baposter/examples/code/i
mages/12_2f_masked.png> <C:/boun/senior_project/poster/helpers/baposter/baposte
r/examples/code/images/21_3m_masked.png> <C:/boun/senior_project/poster/helpers
/baposter/baposter/examples/code/images/09_6m_masked.png> <C:/boun/senior_proje
ct/poster/helpers/baposter/baposter/examples/code/images/33_4m_masked.png> <C:/
boun/senior_project/poster/helpers/baposter/baposter/examples/code/images/track
_frame_00010_01.pdf> <C:/boun/senior_project/poster/helpers/baposter/baposter/e
xamples/code/images/track_frame_00050_01.pdf> <C:/boun/senior_project/poster/he
lpers/baposter/baposter/examples/code/images/track_frame_00450_01.pdf> <C:/boun
/senior_project/poster/helpers/baposter/baposter/examples/code/images/track_fra
me_02000_01.pdf> <C:/boun/senior_project/poster/helpers/baposter/baposter/examp
les/code/images/track_frame_04999_01.pdf> <C:/boun/senior_project/poster/helper
s/baposter/baposter/examples/code/images/track_frame_00010_02.pdf> <C:/boun/sen
ior_project/poster/helpers/baposter/baposter/examples/code/images/track_frame_0
0050_02.pdf> <C:/boun/senior_project/poster/helpers/baposter/baposter/examples/
code/images/track_frame_00450_02.pdf> <C:/boun/senior_project/poster/helpers/ba
poster/baposter/examples/code/images/track_frame_02000_02.pdf> <C:/boun/senior_
project/poster/helpers/baposter/baposter/examples/code/images/track_frame_04999
_02.pdf> <C:/boun/senior_project/poster/helpers/baposter/baposter/examples/code
/images/track_frame_00010_03.pdf> <C:/boun/senior_project/poster/helpers/bapost
er/baposter/examples/code/images/track_frame_00050_03.pdf> <C:/boun/senior_proj
ect/poster/helpers/baposter/baposter/examples/code/images/track_frame_00450_03.
pdf> <C:/boun/senior_project/poster/helpers/baposter/baposter/examples/code/ima
ges/track_frame_02000_03.pdf> <C:/boun/senior_project/poster/helpers/baposter/b
aposter/examples/code/images/track_frame_04999_03.pdf> <C:/boun/senior_project/
poster/helpers/baposter/baposter/examples/code/images/track_frame_00010_04.pdf>
 <C:/boun/senior_project/poster/helpers/baposter/baposter/examples/code/images/
track_frame_00050_04.pdf> <C:/boun/senior_project/poster/helpers/baposter/bapos
ter/examples/code/images/track_frame_00450_04.pdf> <C:/boun/senior_project/post
er/helpers/baposter/baposter/examples/code/images/track_frame_02000_04.pdf> <C:
/boun/senior_project/poster/helpers/baposter/baposter/examples/code/images/trac
k_frame_04999_04.pdf> <C:/boun/senior_project/poster/helpers/baposter/baposter/
examples/code/images/track_frame_00010_05.pdf> <C:/boun/senior_project/poster/h
elpers/baposter/baposter/examples/code/images/track_frame_00050_05.pdf> <C:/bou
n/senior_project/poster/helpers/baposter/baposter/examples/code/images/track_fr
ame_00450_05.pdf> <C:/boun/senior_project/poster/helpers/baposter/baposter/exam
ples/code/images/track_frame_02000_05.pdf> <C:/boun/senior_project/poster/helpe
rs/baposter/baposter/examples/code/images/track_frame_04999_05.pdf> <C:/boun/se
nior_project/poster/helpers/baposter/baposter/examples/code/images/track_frame_
00050_06.pdf> <C:/boun/senior_project/poster/helpers/baposter/baposter/examples
/code/images/track_frame_02000_06.pdf> <C:/boun/senior_project/poster/helpers/b
aposter/baposter/examples/code/images/bush_00010_02.pdf> <C:/boun/senior_projec
t/poster/helpers/baposter/baposter/examples/code/images/bush_00100_02.pdf> <C:/
boun/senior_project/poster/helpers/baposter/baposter/examples/code/images/bush_
00200_02.pdf> <C:/boun/senior_project/poster/helpers/baposter/baposter/examples
/code/images/bush_00300_02.pdf> <C:/boun/senior_project/poster/helpers/baposter
/baposter/examples/code/images/bush_00400_02.pdf> <C:/boun/senior_project/poste
r/helpers/baposter/baposter/examples/code/images/bush_00010_05.pdf> <C:/boun/se
nior_project/poster/helpers/baposter/baposter/examples/code/images/bush_00100_0
5.pdf> <C:/boun/senior_project/poster/helpers/baposter/baposter/examples/code/i
mages/bush_00200_05.pdf> <C:/boun/senior_project/poster/helpers/baposter/bapost
er/examples/code/images/bush_00300_05.pdf> <C:/boun/senior_project/poster/helpe
rs/baposter/baposter/examples/code/images/bush_00400_05.pdf> <C:/boun/senior_pr
oject/poster/helpers/baposter/baposter/examples/code/images/bush_00010_08.pdf> 
<C:/boun/senior_project/poster/helpers/baposter/baposter/examples/code/images/b
ush_00100_08.pdf> <C:/boun/senior_project/poster/helpers/baposter/baposter/exam
ples/code/images/bush_00200_08.pdf> <C:/boun/senior_project/poster/helpers/bapo
ster/baposter/examples/code/images/bush_00300_08.pdf> <C:/boun/senior_project/p
oster/helpers/baposter/baposter/examples/code/images/bush_00400_08.pdf>]
(C:\boun\senior_project\poster\helpers\baposter\baposter\examples\code\poster_l
andscape.aux) ) 
Here is how much of TeX's memory you used:
 15422 strings out of 494045
 293699 string characters out of 3148383
 702204 words of memory out of 3000000
 18276 multiletter control sequences out of 15000+200000
 56561 words of font info for 110 fonts, out of 3000000 for 9000
 715 hyphenation exceptions out of 8191
 63i,27n,70p,428b,1538s stack positions out of 5000i,500n,10000p,200000b,50000s
<C:/Program Files/MiKTeX 2.9/fonts/type1/public/amsfonts/cm/cmbx
10.pfb><C:/Program Files/MiKTeX 2.9/fonts/type1/public/amsfonts/cm/cmbx7.pfb><C
:/Program Files/MiKTeX 2.9/fonts/type1/public/amsfonts/cm/cmbxti10.pfb><C:/Prog
ram Files/MiKTeX 2.9/fonts/type1/public/amsfonts/cm/cmcsc10.pfb><C:/Program Fil
es/MiKTeX 2.9/fonts/type1/public/amsfonts/cm/cmex10.pfb><C:/Program Files/MiKTe
X 2.9/fonts/type1/public/amsfonts/cm/cmmi10.pfb><C:/Program Files/MiKTeX 2.9/fo
nts/type1/public/amsfonts/cm/cmmi7.pfb><C:/Program Files/MiKTeX 2.9/fonts/type1
/public/amsfonts/cm/cmmi8.pfb><C:/Program Files/MiKTeX 2.9/fonts/type1/public/a
msfonts/cm/cmmib10.pfb><C:/Program Files/MiKTeX 2.9/fonts/type1/public/amsfonts
/cmextra/cmmib7.pfb><C:/Program Files/MiKTeX 2.9/fonts/type1/public/amsfonts/cm
/cmr10.pfb><C:/Program Files/MiKTeX 2.9/fonts/type1/public/amsfonts/cm/cmr12.pf
b><C:/Program Files/MiKTeX 2.9/fonts/type1/public/amsfonts/cm/cmr6.pfb><C:/Prog
ram Files/MiKTeX 2.9/fonts/type1/public/amsfonts/cm/cmr7.pfb><C:/Program Files/
MiKTeX 2.9/fonts/type1/public/amsfonts/cm/cmr8.pfb><C:/Program Files/MiKTeX 2.9
/fonts/type1/public/amsfonts/cm/cmsy10.pfb><C:/Program Files/MiKTeX 2.9/fonts/t
ype1/public/amsfonts/cm/cmsy7.pfb><C:/Program Files/MiKTeX 2.9/fonts/type1/publ
ic/amsfonts/cm/cmti10.pfb><C:/Program Files/MiKTeX 2.9/fonts/type1/public/amsfo
nts/cm/cmti12.pfb><C:/Program Files/MiKTeX 2.9/fonts/type1/public/amsfonts/cm/c
mti7.pfb><C:/Program Files/MiKTeX 2.9/fonts/type1/public/amsfonts/cm/cmti8.pfb>
<C:/Program Files/MiKTeX 2.9/fonts/type1/public/amsfonts/cm/cmtt10.pfb><C:/Prog
ram Files/MiKTeX 2.9/fonts/type1/public/amsfonts/cm/cmtt12.pfb><C:/Program File
s/MiKTeX 2.9/fonts/type1/public/amsfonts/symbols/msam10.pfb>
Output written on poster_landscape.pdf (1 page, 14868102 bytes).
PDF statistics:
 375 PDF objects out of 1000 (max. 8388607)
 0 named destinations out of 1000 (max. 500000)
 389 words of extra memory for PDF output out of 10000 (max. 10000000)

